common/build/intermediates/manifest_merge_blame_file/release/manifest-merger-blame-release-report.txt
1<?xml version="1.0" encoding="utf-8"?>
2<manifest xmlns:android="http://schemas.android.com/apk/res/android"
3    package="android.codd.editor.common" >
4
5    <uses-sdk android:minSdkVersion="21" />
5-->ProcessLibraryManifest/release/tempAndroidManifest2897398101208354062.xml
6
7</manifest>